Using pre-set license
Built from '2020.3/staging' branch; Version is '2020.3.0f1 (c7b5465681fb) revision 13088070'; Using compiler version '192528614'; Build Type 'Release'
OS: 'Windows 10 Education; OS build 19041.867; Version 2004; 64bit' Language: 'en' Physical Memory: 16313 MB
BatchMode: 1, IsHumanControllingUs: 0, StartBugReporterOnCrash: 0, Is64bit: 1, IsPro: 0

 COMMAND LINE ARGUMENTS:
C:\Program Files\Unity\Hub\Editor\2020.3.0f1\Editor\Unity.exe
-adb2
-batchMode
-noUpm
-name
AssetImportWorker0
-projectPath
D:/GameProjects/tic-tac-toe-2x2-unity
-logFile
Logs/AssetImportWorker0.log
-srvPort
55540
Successfully changed project path to: D:/GameProjects/tic-tac-toe-2x2-unity
D:/GameProjects/tic-tac-toe-2x2-unity
Using Asset Import Pipeline V2.
Refreshing native plugins compatible for Editor in 43.61 ms, found 1 plugins.
Preloading 0 native plugins for Editor in 0.00 ms.
Initialize engine version: 2020.3.0f1 (c7b5465681fb)
[Subsystems] Discovering subsystems at path C:/Program Files/Unity/Hub/Editor/2020.3.0f1/Editor/Data/Resources/UnitySubsystems
[Subsystems] Discovering subsystems at path D:/GameProjects/tic-tac-toe-2x2-unity/Assets
GfxDevice: creating device client; threaded=0
Direct3D:
    Version:  Direct3D 11.0 [level 11.1]
    Renderer: NVIDIA GeForce GTX 1060 6GB (ID=0x1c03)
    Vendor:   
    VRAM:     6052 MB
    Driver:   27.21.14.5671
Initialize mono
Mono path[0] = 'C:/Program Files/Unity/Hub/Editor/2020.3.0f1/Editor/Data/Managed'
Mono path[1] = 'C:/Program Files/Unity/Hub/Editor/2020.3.0f1/Editor/Data/MonoBleedingEdge/lib/mono/unityjit'
Mono config path = 'C:/Program Files/Unity/Hub/Editor/2020.3.0f1/Editor/Data/MonoBleedingEdge/etc'
Using monoOptions --debugger-agent=transport=dt_socket,embedding=1,server=y,suspend=n,address=127.0.0.1:56852
Begin MonoManager ReloadAssembly
Registering precompiled unity dll's ...
Register platform support module: C:/Program Files/Unity/Hub/Editor/2020.3.0f1/Editor/Data/PlaybackEngines/WindowsStandaloneSupport/UnityEditor.WindowsStandalone.Extensions.dll
Registered in 0.002779 seconds.
Native extension for WindowsStandalone target not found
Refreshing native plugins compatible for Editor in 36.90 ms, found 1 plugins.
Preloading 0 native plugins for Editor in 0.00 ms.
Invoked RoslynAnalysisRunner static constructor.
RoslynAnalysisRunner will not be running.
RoslynAnalysisRunner has terminated.
Mono: successfully reloaded assembly
- Completed reload, in  1.312 seconds
Platform modules already initialized, skipping
Registering precompiled user dll's ...
Registered in 0.000972 seconds.
Begin MonoManager ReloadAssembly
Native extension for WindowsStandalone target not found
Refreshing native plugins compatible for Editor in 38.90 ms, found 1 plugins.
Preloading 0 native plugins for Editor in 0.00 ms.
Invoked RoslynAnalysisRunner static constructor.
RoslynAnalysisRunner will not be running.
RoslynAnalysisRunner has terminated.
Mono: successfully reloaded assembly
- Completed reload, in  1.052 seconds
Platform modules already initialized, skipping
========================================================================
Worker process is ready to serve import requests
Launched and connected shader compiler UnityShaderCompiler.exe after 0.06 seconds
Refreshing native plugins compatible for Editor in 0.41 ms, found 1 plugins.
Preloading 0 native plugins for Editor in 0.00 ms.
Unloading 1809 Unused Serialized files (Serialized files now loaded: 0)
System memory in use before: 84.7 MB.
System memory in use after: 84.6 MB.

Unloading 24 unused Assets to reduce memory usage. Loaded Objects now: 2252.
Total: 2.439900 ms (FindLiveObjects: 0.215600 ms CreateObjectMapping: 0.043900 ms MarkObjects: 2.038100 ms  DeleteObjects: 0.141100 ms)

========================================================================
Received Import Request.
  path: Assets/Scripts/ScoreUIManager.cs
  artifactKey: Guid(24bc92702933b4a468d64a8fb4048090) Importer(815301076,1909f56bfc062723c751e8b465ee728b)
Start importing Assets/Scripts/ScoreUIManager.cs using Guid(24bc92702933b4a468d64a8fb4048090) Importer(815301076,1909f56bfc062723c751e8b465ee728b)  -> (artifact id: 'aef0b12c0dc28a01e0084286f8475a29') in 0.048790 seconds
  Import took 0.062503 seconds .

========================================================================
Received Prepare
Registering precompiled user dll's ...
Registered in 0.001144 seconds.
Begin MonoManager ReloadAssembly
Native extension for WindowsStandalone target not found
Refreshing native plugins compatible for Editor in 0.42 ms, found 1 plugins.
Preloading 0 native plugins for Editor in 0.00 ms.
Invoked RoslynAnalysisRunner static constructor.
RoslynAnalysisRunner will not be running.
RoslynAnalysisRunner has terminated.
Mono: successfully reloaded assembly
- Completed reload, in  0.895 seconds
Platform modules already initialized, skipping
Refreshing native plugins compatible for Editor in 0.43 ms, found 1 plugins.
Preloading 0 native plugins for Editor in 0.00 ms.
Unloading 1804 Unused Serialized files (Serialized files now loaded: 0)
System memory in use before: 84.6 MB.
System memory in use after: 84.6 MB.

Unloading 12 unused Assets to reduce memory usage. Loaded Objects now: 2256.
Total: 2.045400 ms (FindLiveObjects: 0.220100 ms CreateObjectMapping: 0.044000 ms MarkObjects: 1.661000 ms  DeleteObjects: 0.119100 ms)

========================================================================
Received Import Request.
  Time since last request: 38.922822 seconds.
  path: Assets/Scripts/ScoreUIManager.cs
  artifactKey: Guid(24bc92702933b4a468d64a8fb4048090) Importer(815301076,1909f56bfc062723c751e8b465ee728b)
Start importing Assets/Scripts/ScoreUIManager.cs using Guid(24bc92702933b4a468d64a8fb4048090) Importer(815301076,1909f56bfc062723c751e8b465ee728b)  -> (artifact id: '753c36e52282e55f87c7756f82880ad9') in 0.005019 seconds
  Import took 0.026549 seconds .

========================================================================
Received Import Request.
  Time since last request: 1.454152 seconds.
  path: Assets/Scripts/TileManager.cs
  artifactKey: Guid(9c2ffaff3df7447ee8e20c2873dafd0a) Importer(815301076,1909f56bfc062723c751e8b465ee728b)
Start importing Assets/Scripts/TileManager.cs using Guid(9c2ffaff3df7447ee8e20c2873dafd0a) Importer(815301076,1909f56bfc062723c751e8b465ee728b)  -> (artifact id: '1bbd0c56389c89b956017fd4e1cea1c8') in 0.006278 seconds
  Import took 0.029240 seconds .

========================================================================
Received Import Request.
  Time since last request: 0.003655 seconds.
  path: Assets/Scripts/TileManager.cs
  artifactKey: Guid(9c2ffaff3df7447ee8e20c2873dafd0a) Importer(815301076,1909f56bfc062723c751e8b465ee728b)
Start importing Assets/Scripts/TileManager.cs using Guid(9c2ffaff3df7447ee8e20c2873dafd0a) Importer(815301076,1909f56bfc062723c751e8b465ee728b)  -> (artifact id: '1bbd0c56389c89b956017fd4e1cea1c8') in 0.002436 seconds
  Import took 0.005465 seconds .

========================================================================
Received Prepare
Registering precompiled user dll's ...
Registered in 0.001167 seconds.
Begin MonoManager ReloadAssembly
Native extension for WindowsStandalone target not found
Refreshing native plugins compatible for Editor in 0.42 ms, found 1 plugins.
Preloading 0 native plugins for Editor in 0.00 ms.
Invoked RoslynAnalysisRunner static constructor.
RoslynAnalysisRunner will not be running.
RoslynAnalysisRunner has terminated.
Mono: successfully reloaded assembly
- Completed reload, in  0.895 seconds
Platform modules already initialized, skipping
Refreshing native plugins compatible for Editor in 0.39 ms, found 1 plugins.
Preloading 0 native plugins for Editor in 0.00 ms.
Unloading 1804 Unused Serialized files (Serialized files now loaded: 0)
System memory in use before: 84.7 MB.
System memory in use after: 84.7 MB.

Unloading 12 unused Assets to reduce memory usage. Loaded Objects now: 2260.
Total: 2.033200 ms (FindLiveObjects: 0.199800 ms CreateObjectMapping: 0.044100 ms MarkObjects: 1.666900 ms  DeleteObjects: 0.121200 ms)

========================================================================
Received Import Request.
  Time since last request: 102.994462 seconds.
  path: Assets/Scripts/TileManager.cs
  artifactKey: Guid(9c2ffaff3df7447ee8e20c2873dafd0a) Importer(815301076,1909f56bfc062723c751e8b465ee728b)
Start importing Assets/Scripts/TileManager.cs using Guid(9c2ffaff3df7447ee8e20c2873dafd0a) Importer(815301076,1909f56bfc062723c751e8b465ee728b)  -> (artifact id: '17827b1c7b45868fb1dc95c36478a0fe') in 0.005619 seconds
  Import took 0.026559 seconds .

========================================================================
Received Import Request.
  Time since last request: 0.098580 seconds.
  path: Assets/Scripts/TileManager.cs
  artifactKey: Guid(9c2ffaff3df7447ee8e20c2873dafd0a) Importer(815301076,1909f56bfc062723c751e8b465ee728b)
Start importing Assets/Scripts/TileManager.cs using Guid(9c2ffaff3df7447ee8e20c2873dafd0a) Importer(815301076,1909f56bfc062723c751e8b465ee728b)  -> (artifact id: '17827b1c7b45868fb1dc95c36478a0fe') in 0.002508 seconds
  Import took 0.005918 seconds .

========================================================================
Received Prepare
Registering precompiled user dll's ...
Registered in 0.001215 seconds.
Begin MonoManager ReloadAssembly
Native extension for WindowsStandalone target not found
Refreshing native plugins compatible for Editor in 0.41 ms, found 1 plugins.
Preloading 0 native plugins for Editor in 0.00 ms.
Invoked RoslynAnalysisRunner static constructor.
RoslynAnalysisRunner will not be running.
RoslynAnalysisRunner has terminated.
Mono: successfully reloaded assembly
- Completed reload, in  0.931 seconds
Platform modules already initialized, skipping
Refreshing native plugins compatible for Editor in 0.40 ms, found 1 plugins.
Preloading 0 native plugins for Editor in 0.00 ms.
Unloading 1804 Unused Serialized files (Serialized files now loaded: 0)
System memory in use before: 84.7 MB.
System memory in use after: 84.7 MB.

Unloading 12 unused Assets to reduce memory usage. Loaded Objects now: 2264.
Total: 2.428000 ms (FindLiveObjects: 0.238800 ms CreateObjectMapping: 0.044500 ms MarkObjects: 1.998400 ms  DeleteObjects: 0.144500 ms)

========================================================================
Received Import Request.
  Time since last request: 118.785922 seconds.
  path: Assets/Scripts/TileManager.cs
  artifactKey: Guid(9c2ffaff3df7447ee8e20c2873dafd0a) Importer(815301076,1909f56bfc062723c751e8b465ee728b)
Start importing Assets/Scripts/TileManager.cs using Guid(9c2ffaff3df7447ee8e20c2873dafd0a) Importer(815301076,1909f56bfc062723c751e8b465ee728b)  -> (artifact id: '011ec6ccd53f5947e1d25428fd98a122') in 0.005701 seconds
  Import took 0.012047 seconds .

========================================================================
Received Import Request.
  Time since last request: 86.082536 seconds.
  path: Assets/Scripts/ScoreUIManager.cs
  artifactKey: Guid(24bc92702933b4a468d64a8fb4048090) Importer(815301076,1909f56bfc062723c751e8b465ee728b)
Start importing Assets/Scripts/ScoreUIManager.cs using Guid(24bc92702933b4a468d64a8fb4048090) Importer(815301076,1909f56bfc062723c751e8b465ee728b)  -> (artifact id: 'aeecfa5759a17647a54b43c55fd580c7') in 0.002681 seconds
  Import took 0.005776 seconds .

========================================================================
Received Prepare
Registering precompiled user dll's ...
Registered in 0.001086 seconds.
Begin MonoManager ReloadAssembly
Native extension for WindowsStandalone target not found
Refreshing native plugins compatible for Editor in 0.39 ms, found 1 plugins.
Preloading 0 native plugins for Editor in 0.00 ms.
Invoked RoslynAnalysisRunner static constructor.
RoslynAnalysisRunner will not be running.
RoslynAnalysisRunner has terminated.
Mono: successfully reloaded assembly
- Completed reload, in  0.900 seconds
Platform modules already initialized, skipping
Refreshing native plugins compatible for Editor in 0.43 ms, found 1 plugins.
Preloading 0 native plugins for Editor in 0.00 ms.
Unloading 1804 Unused Serialized files (Serialized files now loaded: 0)
System memory in use before: 84.7 MB.
System memory in use after: 84.7 MB.

Unloading 12 unused Assets to reduce memory usage. Loaded Objects now: 2268.
Total: 2.297700 ms (FindLiveObjects: 0.217500 ms CreateObjectMapping: 0.045100 ms MarkObjects: 1.862000 ms  DeleteObjects: 0.171900 ms)

========================================================================
Received Prepare
Registering precompiled user dll's ...
Registered in 0.001158 seconds.
Begin MonoManager ReloadAssembly
Native extension for WindowsStandalone target not found
Refreshing native plugins compatible for Editor in 0.40 ms, found 1 plugins.
Preloading 0 native plugins for Editor in 0.00 ms.
Invoked RoslynAnalysisRunner static constructor.
RoslynAnalysisRunner will not be running.
RoslynAnalysisRunner has terminated.
Mono: successfully reloaded assembly
- Completed reload, in  0.907 seconds
Platform modules already initialized, skipping
Refreshing native plugins compatible for Editor in 0.37 ms, found 1 plugins.
Preloading 0 native plugins for Editor in 0.00 ms.
Unloading 1804 Unused Serialized files (Serialized files now loaded: 0)
System memory in use before: 84.7 MB.
System memory in use after: 84.7 MB.

Unloading 12 unused Assets to reduce memory usage. Loaded Objects now: 2272.
Total: 2.050100 ms (FindLiveObjects: 0.205900 ms CreateObjectMapping: 0.045400 ms MarkObjects: 1.676900 ms  DeleteObjects: 0.120900 ms)

========================================================================
Received Prepare
Registering precompiled user dll's ...
Registered in 0.001129 seconds.
Begin MonoManager ReloadAssembly
Native extension for WindowsStandalone target not found
Refreshing native plugins compatible for Editor in 0.38 ms, found 1 plugins.
Preloading 0 native plugins for Editor in 0.00 ms.
Invoked RoslynAnalysisRunner static constructor.
RoslynAnalysisRunner will not be running.
RoslynAnalysisRunner has terminated.
Mono: successfully reloaded assembly
- Completed reload, in  0.892 seconds
Platform modules already initialized, skipping
Refreshing native plugins compatible for Editor in 0.37 ms, found 1 plugins.
Preloading 0 native plugins for Editor in 0.00 ms.
Unloading 1804 Unused Serialized files (Serialized files now loaded: 0)
System memory in use before: 84.7 MB.
System memory in use after: 84.7 MB.

Unloading 12 unused Assets to reduce memory usage. Loaded Objects now: 2276.
Total: 2.204900 ms (FindLiveObjects: 0.218600 ms CreateObjectMapping: 0.043600 ms MarkObjects: 1.811500 ms  DeleteObjects: 0.129900 ms)

========================================================================
Received Import Request.
  Time since last request: 615.416905 seconds.
  path: Assets/Scripts/ScoreUIManager.cs
  artifactKey: Guid(24bc92702933b4a468d64a8fb4048090) Importer(815301076,1909f56bfc062723c751e8b465ee728b)
Start importing Assets/Scripts/ScoreUIManager.cs using Guid(24bc92702933b4a468d64a8fb4048090) Importer(815301076,1909f56bfc062723c751e8b465ee728b)  -> (artifact id: '0ff9f4e9f58c248077f5378d0b977f86') in 0.019893 seconds
  Import took 0.037826 seconds .

========================================================================
Received Prepare
Registering precompiled user dll's ...
Registered in 0.001472 seconds.
Begin MonoManager ReloadAssembly
Native extension for WindowsStandalone target not found
Refreshing native plugins compatible for Editor in 0.44 ms, found 1 plugins.
Preloading 0 native plugins for Editor in 0.00 ms.
Invoked RoslynAnalysisRunner static constructor.
RoslynAnalysisRunner will not be running.
RoslynAnalysisRunner has terminated.
Mono: successfully reloaded assembly
- Completed reload, in  0.898 seconds
Platform modules already initialized, skipping
Refreshing native plugins compatible for Editor in 0.49 ms, found 1 plugins.
Preloading 0 native plugins for Editor in 0.00 ms.
Unloading 1804 Unused Serialized files (Serialized files now loaded: 0)
System memory in use before: 84.8 MB.
System memory in use after: 84.7 MB.

Unloading 12 unused Assets to reduce memory usage. Loaded Objects now: 2280.
Total: 2.425100 ms (FindLiveObjects: 0.270800 ms CreateObjectMapping: 0.045900 ms MarkObjects: 1.946300 ms  DeleteObjects: 0.160900 ms)

========================================================================
Received Prepare
Registering precompiled user dll's ...
Registered in 0.001172 seconds.
Begin MonoManager ReloadAssembly
Native extension for WindowsStandalone target not found
Refreshing native plugins compatible for Editor in 0.47 ms, found 1 plugins.
Preloading 0 native plugins for Editor in 0.00 ms.
Invoked RoslynAnalysisRunner static constructor.
RoslynAnalysisRunner will not be running.
RoslynAnalysisRunner has terminated.
Mono: successfully reloaded assembly
- Completed reload, in  1.092 seconds
Platform modules already initialized, skipping
Refreshing native plugins compatible for Editor in 0.56 ms, found 1 plugins.
Preloading 0 native plugins for Editor in 0.00 ms.
Unloading 1817 Unused Serialized files (Serialized files now loaded: 0)
System memory in use before: 86.4 MB.
System memory in use after: 85.8 MB.

Unloading 25 unused Assets to reduce memory usage. Loaded Objects now: 2284.
Total: 2.584100 ms (FindLiveObjects: 0.240700 ms CreateObjectMapping: 0.046300 ms MarkObjects: 1.878300 ms  DeleteObjects: 0.417400 ms)

========================================================================
Received Prepare
Registering precompiled user dll's ...
Registered in 0.001097 seconds.
Begin MonoManager ReloadAssembly
Native extension for WindowsStandalone target not found
Refreshing native plugins compatible for Editor in 0.39 ms, found 1 plugins.
Preloading 0 native plugins for Editor in 0.00 ms.
Invoked RoslynAnalysisRunner static constructor.
RoslynAnalysisRunner will not be running.
RoslynAnalysisRunner has terminated.
Mono: successfully reloaded assembly
- Completed reload, in  1.012 seconds
Platform modules already initialized, skipping
Refreshing native plugins compatible for Editor in 0.59 ms, found 1 plugins.
Preloading 0 native plugins for Editor in 0.00 ms.
Unloading 1817 Unused Serialized files (Serialized files now loaded: 0)
System memory in use before: 86.4 MB.
System memory in use after: 85.8 MB.

Unloading 25 unused Assets to reduce memory usage. Loaded Objects now: 2288.
Total: 2.768900 ms (FindLiveObjects: 0.381700 ms CreateObjectMapping: 0.057700 ms MarkObjects: 1.867100 ms  DeleteObjects: 0.461400 ms)

========================================================================
Received Prepare
Registering precompiled user dll's ...
Registered in 0.001185 seconds.
Begin MonoManager ReloadAssembly
Native extension for WindowsStandalone target not found
Refreshing native plugins compatible for Editor in 0.39 ms, found 1 plugins.
Preloading 0 native plugins for Editor in 0.00 ms.
Invoked RoslynAnalysisRunner static constructor.
RoslynAnalysisRunner will not be running.
RoslynAnalysisRunner has terminated.
Mono: successfully reloaded assembly
- Completed reload, in  0.907 seconds
Platform modules already initialized, skipping
Refreshing native plugins compatible for Editor in 0.41 ms, found 1 plugins.
Preloading 0 native plugins for Editor in 0.00 ms.
Unloading 1817 Unused Serialized files (Serialized files now loaded: 0)
System memory in use before: 86.5 MB.
System memory in use after: 85.8 MB.

Unloading 25 unused Assets to reduce memory usage. Loaded Objects now: 2292.
Total: 2.432200 ms (FindLiveObjects: 0.222800 ms CreateObjectMapping: 0.046000 ms MarkObjects: 1.735800 ms  DeleteObjects: 0.426800 ms)

========================================================================
Received Import Request.
  Time since last request: 446.633782 seconds.
  path: Assets
  artifactKey: Guid(00000000000000001000000000000000) Importer(815301076,1909f56bfc062723c751e8b465ee728b)
Start importing Assets using Guid(00000000000000001000000000000000) Importer(815301076,1909f56bfc062723c751e8b465ee728b)  -> (artifact id: '42baae205c97e3337697759514652acd') in 0.010560 seconds
  Import took 0.033071 seconds .

========================================================================
Received Import Request.
  Time since last request: 3.754691 seconds.
  path: Assets/Sprites
  artifactKey: Guid(e962839aee8a7af42971373141ba27ee) Importer(815301076,1909f56bfc062723c751e8b465ee728b)
Start importing Assets/Sprites using Guid(e962839aee8a7af42971373141ba27ee) Importer(815301076,1909f56bfc062723c751e8b465ee728b)  -> (artifact id: 'bc96aa10d8b0ad0ddc83f63c31277d4f') in 0.007013 seconds
  Import took 0.013834 seconds .

========================================================================
Received Import Request.
  Time since last request: 5.867661 seconds.
  path: Assets/Prefabs/The Conquest Tool Pack Lite.png
  artifactKey: Guid(1f4af601e739ad74da347f5ec67127df) Importer(815301076,1909f56bfc062723c751e8b465ee728b)
Start importing Assets/Prefabs/The Conquest Tool Pack Lite.png using Guid(1f4af601e739ad74da347f5ec67127df) Importer(815301076,1909f56bfc062723c751e8b465ee728b)  -> (artifact id: '630b500c0572e30eaca5f261752ecc86') in 0.147661 seconds
  Import took 0.165915 seconds .

========================================================================
Received Import Request.
  Time since last request: 13.896317 seconds.
  path: Assets/Sprites/The Conquest Tool Pack Lite.png
  artifactKey: Guid(1f4af601e739ad74da347f5ec67127df) Importer(815301076,1909f56bfc062723c751e8b465ee728b)
Start importing Assets/Sprites/The Conquest Tool Pack Lite.png using Guid(1f4af601e739ad74da347f5ec67127df) Importer(815301076,1909f56bfc062723c751e8b465ee728b)  -> (artifact id: 'b7f2ba7556c95a9058435509531d8874') in 0.011607 seconds
  Import took 0.026845 seconds .

========================================================================
Received Import Request.
  Time since last request: 6.783410 seconds.
  path: Assets/Sprites/The Conquest Tool Pack Lite.png
  artifactKey: Guid(1f4af601e739ad74da347f5ec67127df) Importer(815301076,1909f56bfc062723c751e8b465ee728b)
Start importing Assets/Sprites/The Conquest Tool Pack Lite.png using Guid(1f4af601e739ad74da347f5ec67127df) Importer(815301076,1909f56bfc062723c751e8b465ee728b)  -> (artifact id: '6dc137369a07b95c7f9ffa142670adad') in 0.195364 seconds
  Import took 0.209437 seconds .

========================================================================
Received Import Request.
  Time since last request: 17.511019 seconds.
  path: Assets/Animations
  artifactKey: Guid(bccc5b35f14e16a40afe13d87b2ff83a) Importer(815301076,1909f56bfc062723c751e8b465ee728b)
Start importing Assets/Animations using Guid(bccc5b35f14e16a40afe13d87b2ff83a) Importer(815301076,1909f56bfc062723c751e8b465ee728b)  -> (artifact id: '21f8570d29e4cc7fe0d64adcc108735b') in 0.007248 seconds
  Import took 0.022108 seconds .

========================================================================
Received Prepare
Registering precompiled user dll's ...
Registered in 0.001188 seconds.
Begin MonoManager ReloadAssembly
Native extension for WindowsStandalone target not found
Refreshing native plugins compatible for Editor in 0.40 ms, found 1 plugins.
Preloading 0 native plugins for Editor in 0.00 ms.
Invoked RoslynAnalysisRunner static constructor.
RoslynAnalysisRunner will not be running.
RoslynAnalysisRunner has terminated.
Mono: successfully reloaded assembly
- Completed reload, in  0.906 seconds
Platform modules already initialized, skipping
Refreshing native plugins compatible for Editor in 0.38 ms, found 1 plugins.
Preloading 0 native plugins for Editor in 0.00 ms.
Unloading 1817 Unused Serialized files (Serialized files now loaded: 0)
System memory in use before: 89.6 MB.
System memory in use after: 89.0 MB.

Unloading 25 unused Assets to reduce memory usage. Loaded Objects now: 2324.
Total: 2.375000 ms (FindLiveObjects: 0.208700 ms CreateObjectMapping: 0.044100 ms MarkObjects: 1.720100 ms  DeleteObjects: 0.401200 ms)

========================================================================
Received Prepare
Registering precompiled user dll's ...
Registered in 0.001110 seconds.
Begin MonoManager ReloadAssembly
Native extension for WindowsStandalone target not found
Refreshing native plugins compatible for Editor in 0.39 ms, found 1 plugins.
Preloading 0 native plugins for Editor in 0.00 ms.
Invoked RoslynAnalysisRunner static constructor.
RoslynAnalysisRunner will not be running.
RoslynAnalysisRunner has terminated.
Mono: successfully reloaded assembly
- Completed reload, in  0.894 seconds
Platform modules already initialized, skipping
Refreshing native plugins compatible for Editor in 0.38 ms, found 1 plugins.
Preloading 0 native plugins for Editor in 0.00 ms.
Unloading 1817 Unused Serialized files (Serialized files now loaded: 0)
System memory in use before: 89.6 MB.
System memory in use after: 89.0 MB.

Unloading 25 unused Assets to reduce memory usage. Loaded Objects now: 2328.
Total: 2.441900 ms (FindLiveObjects: 0.221400 ms CreateObjectMapping: 0.045000 ms MarkObjects: 1.738100 ms  DeleteObjects: 0.436600 ms)

========================================================================
Received Prepare
Registering precompiled user dll's ...
Registered in 0.001249 seconds.
Begin MonoManager ReloadAssembly
Native extension for WindowsStandalone target not found
Refreshing native plugins compatible for Editor in 0.41 ms, found 1 plugins.
Preloading 0 native plugins for Editor in 0.00 ms.
Invoked RoslynAnalysisRunner static constructor.
RoslynAnalysisRunner will not be running.
RoslynAnalysisRunner has terminated.
Mono: successfully reloaded assembly
- Completed reload, in  0.920 seconds
Platform modules already initialized, skipping
Refreshing native plugins compatible for Editor in 0.38 ms, found 1 plugins.
Preloading 0 native plugins for Editor in 0.00 ms.
Unloading 1817 Unused Serialized files (Serialized files now loaded: 0)
System memory in use before: 89.6 MB.
System memory in use after: 89.0 MB.

Unloading 25 unused Assets to reduce memory usage. Loaded Objects now: 2332.
Total: 2.546900 ms (FindLiveObjects: 0.222000 ms CreateObjectMapping: 0.043300 ms MarkObjects: 1.849100 ms  DeleteObjects: 0.431500 ms)

========================================================================
Received Prepare
Registering precompiled user dll's ...
Registered in 0.001430 seconds.
Begin MonoManager ReloadAssembly
Native extension for WindowsStandalone target not found
Refreshing native plugins compatible for Editor in 0.64 ms, found 1 plugins.
Preloading 0 native plugins for Editor in 0.00 ms.
Invoked RoslynAnalysisRunner static constructor.
RoslynAnalysisRunner will not be running.
RoslynAnalysisRunner has terminated.
Mono: successfully reloaded assembly
- Completed reload, in  1.002 seconds
Platform modules already initialized, skipping
Refreshing native plugins compatible for Editor in 0.39 ms, found 1 plugins.
Preloading 0 native plugins for Editor in 0.00 ms.
Unloading 1817 Unused Serialized files (Serialized files now loaded: 0)
System memory in use before: 89.6 MB.
System memory in use after: 89.0 MB.

Unloading 25 unused Assets to reduce memory usage. Loaded Objects now: 2336.
Total: 2.991700 ms (FindLiveObjects: 0.312500 ms CreateObjectMapping: 0.043600 ms MarkObjects: 2.059700 ms  DeleteObjects: 0.574900 ms)

